<?xml version="1.0" encoding="UTF-8"?>
<coverage generated="1610148566994" clover="3.2.0">
  <project timestamp="1610148566994" name="All files">
    <metrics statements="55" coveredstatements="9" conditionals="24" coveredconditionals="0" methods="24" coveredmethods="4" elements="103" coveredelements="13" complexity="0" loc="55" ncloc="55" packages="2" files="5" classes="5"/>
    <package name="screens">
      <metrics statements="5" coveredstatements="2" conditionals="0" coveredconditionals="0" methods="3" coveredmethods="1"/>
      <file name="Dashboard.tsx" path="C:\Users\rivol\Desktop\Sites\Apps\sharecoin-fe-firebase\screens\Dashboard.tsx">
        <metrics statements="3" coveredstatements="0" conditionals="0" coveredconditionals="0" methods="2" coveredmethods="0"/>
        <line num="10" count="0" type="stmt"/>
        <line num="11" count="0" type="stmt"/>
        <line num="14" count="0" type="stmt"/>
      </file>
      <file name="Loading.tsx" path="C:\Users\rivol\Desktop\Sites\Apps\sharecoin-fe-firebase\screens\Loading.tsx">
        <metrics statements="2" coveredstatements="2" conditionals="0" coveredconditionals="0" methods="1" coveredmethods="1"/>
        <line num="4" count="1" type="stmt"/>
        <line num="5" count="1" type="stmt"/>
      </file>
    </package>
    <package name="screens.Auth">
      <metrics statements="50" coveredstatements="7" conditionals="24" coveredconditionals="0" methods="21" coveredmethods="3"/>
      <file name="create-account.tsx" path="C:\Users\rivol\Desktop\Sites\Apps\sharecoin-fe-firebase\screens\Auth\create-account.tsx">
        <metrics statements="24" coveredstatements="0" conditionals="14" coveredconditionals="0" methods="11" coveredmethods="0"/>
        <line num="34" count="0" type="stmt"/>
        <line num="35" count="0" type="stmt"/>
        <line num="36" count="0" type="stmt"/>
        <line num="37" count="0" type="stmt"/>
        <line num="40" count="0" type="stmt"/>
        <line num="44" count="0" type="stmt"/>
        <line num="45" count="0" type="stmt"/>
        <line num="46" count="0" type="stmt"/>
        <line num="47" count="0" type="stmt"/>
        <line num="51" count="0" type="stmt"/>
        <line num="53" count="0" type="stmt"/>
        <line num="54" count="0" type="stmt"/>
        <line num="59" count="0" type="cond" truecount="0" falsecount="4"/>
        <line num="72" count="0" type="stmt"/>
        <line num="83" count="0" type="stmt"/>
        <line num="89" count="0" type="stmt"/>
        <line num="102" count="0" type="stmt"/>
        <line num="107" count="0" type="stmt"/>
        <line num="120" count="0" type="stmt"/>
        <line num="126" count="0" type="stmt"/>
        <line num="139" count="0" type="stmt"/>
        <line num="145" count="0" type="stmt"/>
        <line num="167" count="0" type="stmt"/>
        <line num="185" count="0" type="stmt"/>
      </file>
      <file name="initial-screen.tsx" path="C:\Users\rivol\Desktop\Sites\Apps\sharecoin-fe-firebase\screens\Auth\initial-screen.tsx">
        <metrics statements="7" coveredstatements="7" conditionals="0" coveredconditionals="0" methods="3" coveredmethods="3"/>
        <line num="14" count="1" type="stmt"/>
        <line num="16" count="1" type="stmt"/>
        <line num="17" count="3" type="stmt"/>
        <line num="19" count="3" type="stmt"/>
        <line num="30" count="1" type="stmt"/>
        <line num="38" count="1" type="stmt"/>
        <line num="50" count="1" type="stmt"/>
      </file>
      <file name="login.tsx" path="C:\Users\rivol\Desktop\Sites\Apps\sharecoin-fe-firebase\screens\Auth\login.tsx">
        <metrics statements="19" coveredstatements="0" conditionals="10" coveredconditionals="0" methods="7" coveredmethods="0"/>
        <line num="32" count="0" type="stmt"/>
        <line num="33" count="0" type="stmt"/>
        <line num="35" count="0" type="stmt"/>
        <line num="47" count="0" type="stmt"/>
        <line num="48" count="0" type="stmt"/>
        <line num="51" count="0" type="stmt"/>
        <line num="52" count="0" type="stmt"/>
        <line num="53" count="0" type="stmt"/>
        <line num="54" count="0" type="stmt"/>
        <line num="56" count="0" type="stmt"/>
        <line num="57" count="0" type="stmt"/>
        <line num="62" count="0" type="cond" truecount="0" falsecount="4"/>
        <line num="75" count="0" type="stmt"/>
        <line num="85" count="0" type="stmt"/>
        <line num="90" count="0" type="stmt"/>
        <line num="103" count="0" type="stmt"/>
        <line num="109" count="0" type="stmt"/>
        <line num="131" count="0" type="stmt"/>
        <line num="149" count="0" type="stmt"/>
      </file>
    </package>
  </project>
</coverage>
