{"C:\\Users\\rivol\\Desktop\\Sites\\Apps\\sharecoin-fe-firebase\\screens\\Auth\\login.tsx": {"path":"C:\\Users\\rivol\\Desktop\\Sites\\Apps\\sharecoin-fe-firebase\\screens\\Auth\\login.tsx","statementMap":{"0":{"start":{"line":30,"column":21},"end":{"line":137,"column":1}},"1":{"start":{"line":31,"column":21},"end":{"line":31,"column":36}},"2":{"start":{"line":33,"column":44},"end":{"line":36,"column":4}},"3":{"start":{"line":37,"column":38},"end":{"line":37,"column":59}},"4":{"start":{"line":38,"column":52},"end":{"line":40,"column":9}},"5":{"start":{"line":41,"column":19},"end":{"line":49,"column":3}},"6":{"start":{"line":42,"column":4},"end":{"line":48,"column":5}},"7":{"start":{"line":43,"column":34},"end":{"line":43,"column":38}},"8":{"start":{"line":44,"column":6},"end":{"line":44,"column":72}},"9":{"start":{"line":46,"column":6},"end":{"line":46,"column":26}},"10":{"start":{"line":47,"column":6},"end":{"line":47,"column":42}},"11":{"start":{"line":52,"column":4},"end":{"line":63,"column":12}},"12":{"start":{"line":65,"column":2},"end":{"line":136,"column":4}},"13":{"start":{"line":75,"column":12},"end":{"line":84,"column":14}},"14":{"start":{"line":80,"column":39},"end":{"line":80,"column":54}},"15":{"start":{"line":93,"column":12},"end":{"line":103,"column":14}},"16":{"start":{"line":99,"column":39},"end":{"line":99,"column":54}},"17":{"start":{"line":121,"column":39},"end":{"line":121,"column":76}},"18":{"start":{"line":139,"column":15},"end":{"line":161,"column":2}}},"fnMap":{"0":{"name":"(anonymous_0)","decl":{"start":{"line":30,"column":21},"end":{"line":30,"column":22}},"loc":{"start":{"line":30,"column":27},"end":{"line":137,"column":1}},"line":30},"1":{"name":"(anonymous_1)","decl":{"start":{"line":41,"column":19},"end":{"line":41,"column":20}},"loc":{"start":{"line":41,"column":50},"end":{"line":49,"column":3}},"line":41},"2":{"name":"(anonymous_2)","decl":{"start":{"line":74,"column":18},"end":{"line":74,"column":19}},"loc":{"start":{"line":75,"column":12},"end":{"line":84,"column":14}},"line":75},"3":{"name":"(anonymous_3)","decl":{"start":{"line":80,"column":28},"end":{"line":80,"column":29}},"loc":{"start":{"line":80,"column":39},"end":{"line":80,"column":54}},"line":80},"4":{"name":"(anonymous_4)","decl":{"start":{"line":92,"column":18},"end":{"line":92,"column":19}},"loc":{"start":{"line":93,"column":12},"end":{"line":103,"column":14}},"line":93},"5":{"name":"(anonymous_5)","decl":{"start":{"line":99,"column":28},"end":{"line":99,"column":29}},"loc":{"start":{"line":99,"column":39},"end":{"line":99,"column":54}},"line":99},"6":{"name":"(anonymous_6)","decl":{"start":{"line":121,"column":33},"end":{"line":121,"column":34}},"loc":{"start":{"line":121,"column":39},"end":{"line":121,"column":76}},"line":121}},"branchMap":{"0":{"loc":{"start":{"line":52,"column":4},"end":{"line":63,"column":12}},"type":"cond-expr","locations":[{"start":{"line":53,"column":6},"end":{"line":62,"column":13}},{"start":{"line":63,"column":8},"end":{"line":63,"column":12}}],"line":52},"1":{"loc":{"start":{"line":52,"column":4},"end":{"line":52,"column":35}},"type":"binary-expr","locations":[{"start":{"line":52,"column":4},"end":{"line":52,"column":14}},{"start":{"line":52,"column":18},"end":{"line":52,"column":35}}],"line":52},"2":{"loc":{"start":{"line":67,"column":16},"end":{"line":67,"column":60}},"type":"cond-expr","locations":[{"start":{"line":67,"column":40},"end":{"line":67,"column":49}},{"start":{"line":67,"column":52},"end":{"line":67,"column":60}}],"line":67},"3":{"loc":{"start":{"line":82,"column":27},"end":{"line":82,"column":49}},"type":"binary-expr","locations":[{"start":{"line":82,"column":27},"end":{"line":82,"column":33}},{"start":{"line":82,"column":37},"end":{"line":82,"column":49}}],"line":82},"4":{"loc":{"start":{"line":101,"column":27},"end":{"line":101,"column":52}},"type":"binary-expr","locations":[{"start":{"line":101,"column":27},"end":{"line":101,"column":33}},{"start":{"line":101,"column":37},"end":{"line":101,"column":52}}],"line":101}},"s":{"0":0,"1":0,"2":0,"3":0,"4":0,"5":0,"6":0,"7":0,"8":0,"9":0,"10":0,"11":0,"12":0,"13":0,"14":0,"15":0,"16":0,"17":0,"18":0},"f":{"0":0,"1":0,"2":0,"3":0,"4":0,"5":0,"6":0},"b":{"0":[0,0],"1":[0,0],"2":[0,0],"3":[0,0],"4":[0,0]}}
,"C:\\Users\\rivol\\Desktop\\Sites\\Apps\\sharecoin-fe-firebase\\screens\\CreateGroup\\index.tsx": {"path":"C:\\Users\\rivol\\Desktop\\Sites\\Apps\\sharecoin-fe-firebase\\screens\\CreateGroup\\index.tsx","statementMap":{"0":{"start":{"line":20,"column":27},"end":{"line":56,"column":1}},"1":{"start":{"line":21,"column":26},"end":{"line":21,"column":50}},"2":{"start":{"line":22,"column":21},"end":{"line":22,"column":36}},"3":{"start":{"line":24,"column":44},"end":{"line":27,"column":4}},"4":{"start":{"line":28,"column":38},"end":{"line":28,"column":59}},"5":{"start":{"line":29,"column":52},"end":{"line":31,"column":9}},"6":{"start":{"line":32,"column":19},"end":{"line":40,"column":3}},"7":{"start":{"line":33,"column":4},"end":{"line":39,"column":5}},"8":{"start":{"line":34,"column":34},"end":{"line":34,"column":38}},"9":{"start":{"line":35,"column":6},"end":{"line":35,"column":72}},"10":{"start":{"line":37,"column":6},"end":{"line":37,"column":26}},"11":{"start":{"line":38,"column":6},"end":{"line":38,"column":42}},"12":{"start":{"line":43,"column":4},"end":{"line":54,"column":12}},"13":{"start":{"line":55,"column":2},"end":{"line":55,"column":48}},"14":{"start":{"line":58,"column":15},"end":{"line":66,"column":2}}},"fnMap":{"0":{"name":"(anonymous_0)","decl":{"start":{"line":20,"column":27},"end":{"line":20,"column":28}},"loc":{"start":{"line":20,"column":33},"end":{"line":56,"column":1}},"line":20},"1":{"name":"(anonymous_1)","decl":{"start":{"line":32,"column":19},"end":{"line":32,"column":20}},"loc":{"start":{"line":32,"column":52},"end":{"line":40,"column":3}},"line":32}},"branchMap":{"0":{"loc":{"start":{"line":43,"column":4},"end":{"line":54,"column":12}},"type":"cond-expr","locations":[{"start":{"line":44,"column":6},"end":{"line":53,"column":13}},{"start":{"line":54,"column":8},"end":{"line":54,"column":12}}],"line":43},"1":{"loc":{"start":{"line":43,"column":4},"end":{"line":43,"column":35}},"type":"binary-expr","locations":[{"start":{"line":43,"column":4},"end":{"line":43,"column":14}},{"start":{"line":43,"column":18},"end":{"line":43,"column":35}}],"line":43}},"s":{"0":0,"1":0,"2":0,"3":0,"4":0,"5":0,"6":0,"7":0,"8":0,"9":0,"10":0,"11":0,"12":0,"13":0,"14":0},"f":{"0":0,"1":0},"b":{"0":[0,0],"1":[0,0]}}
}
