{"C:\\Users\\rivol\\Desktop\\Sites\\Apps\\sharecoin-fe-firebase\\screens\\Dashboard.tsx": {"path":"C:\\Users\\rivol\\Desktop\\Sites\\Apps\\sharecoin-fe-firebase\\screens\\Dashboard.tsx","statementMap":{"0":{"start":{"line":10,"column":25},"end":{"line":21,"column":1}},"1":{"start":{"line":11,"column":2},"end":{"line":20,"column":4}},"2":{"start":{"line":14,"column":21},"end":{"line":14,"column":46}}},"fnMap":{"0":{"name":"(anonymous_0)","decl":{"start":{"line":10,"column":25},"end":{"line":10,"column":26}},"loc":{"start":{"line":10,"column":31},"end":{"line":21,"column":1}},"line":10},"1":{"name":"(anonymous_1)","decl":{"start":{"line":14,"column":15},"end":{"line":14,"column":16}},"loc":{"start":{"line":14,"column":21},"end":{"line":14,"column":46}},"line":14}},"branchMap":{},"s":{"0":0,"1":0,"2":0},"f":{"0":0,"1":0},"b":{}}
,"C:\\Users\\rivol\\Desktop\\Sites\\Apps\\sharecoin-fe-firebase\\screens\\Loading.tsx": {"path":"C:\\Users\\rivol\\Desktop\\Sites\\Apps\\sharecoin-fe-firebase\\screens\\Loading.tsx","statementMap":{"0":{"start":{"line":4,"column":23},"end":{"line":10,"column":1}},"1":{"start":{"line":5,"column":2},"end":{"line":9,"column":4}}},"fnMap":{"0":{"name":"(anonymous_0)","decl":{"start":{"line":4,"column":23},"end":{"line":4,"column":24}},"loc":{"start":{"line":4,"column":29},"end":{"line":10,"column":1}},"line":4}},"branchMap":{},"s":{"0":1,"1":1},"f":{"0":1},"b":{},"_coverageSchema":"1a1c01bbd47fc00a2c39e90264f33305004495a9","hash":"c29fdbe59a30f7a10f3dde3aa587f48f95739f65"}
,"C:\\Users\\rivol\\Desktop\\Sites\\Apps\\sharecoin-fe-firebase\\screens\\Auth\\create-account.tsx": {"path":"C:\\Users\\rivol\\Desktop\\Sites\\Apps\\sharecoin-fe-firebase\\screens\\Auth\\create-account.tsx","statementMap":{"0":{"start":{"line":34,"column":29},"end":{"line":183,"column":1}},"1":{"start":{"line":35,"column":21},"end":{"line":35,"column":36}},"2":{"start":{"line":36,"column":40},"end":{"line":36,"column":61}},"3":{"start":{"line":37,"column":54},"end":{"line":39,"column":9}},"4":{"start":{"line":40,"column":44},"end":{"line":43,"column":4}},"5":{"start":{"line":44,"column":19},"end":{"line":56,"column":3}},"6":{"start":{"line":45,"column":4},"end":{"line":55,"column":5}},"7":{"start":{"line":46,"column":44},"end":{"line":46,"column":48}},"8":{"start":{"line":47,"column":19},"end":{"line":50,"column":7}},"9":{"start":{"line":51,"column":6},"end":{"line":51,"column":64}},"10":{"start":{"line":53,"column":6},"end":{"line":53,"column":27}},"11":{"start":{"line":54,"column":6},"end":{"line":54,"column":43}},"12":{"start":{"line":59,"column":4},"end":{"line":70,"column":12}},"13":{"start":{"line":72,"column":2},"end":{"line":182,"column":4}},"14":{"start":{"line":83,"column":12},"end":{"line":93,"column":14}},"15":{"start":{"line":89,"column":39},"end":{"line":89,"column":54}},"16":{"start":{"line":102,"column":12},"end":{"line":111,"column":14}},"17":{"start":{"line":107,"column":39},"end":{"line":107,"column":54}},"18":{"start":{"line":120,"column":12},"end":{"line":130,"column":14}},"19":{"start":{"line":126,"column":39},"end":{"line":126,"column":54}},"20":{"start":{"line":139,"column":12},"end":{"line":149,"column":14}},"21":{"start":{"line":145,"column":39},"end":{"line":145,"column":54}},"22":{"start":{"line":167,"column":39},"end":{"line":167,"column":67}},"23":{"start":{"line":185,"column":15},"end":{"line":207,"column":2}}},"fnMap":{"0":{"name":"(anonymous_0)","decl":{"start":{"line":34,"column":29},"end":{"line":34,"column":30}},"loc":{"start":{"line":34,"column":35},"end":{"line":183,"column":1}},"line":34},"1":{"name":"(anonymous_1)","decl":{"start":{"line":44,"column":19},"end":{"line":44,"column":20}},"loc":{"start":{"line":44,"column":58},"end":{"line":56,"column":3}},"line":44},"2":{"name":"(anonymous_2)","decl":{"start":{"line":82,"column":18},"end":{"line":82,"column":19}},"loc":{"start":{"line":83,"column":12},"end":{"line":93,"column":14}},"line":83},"3":{"name":"(anonymous_3)","decl":{"start":{"line":89,"column":28},"end":{"line":89,"column":29}},"loc":{"start":{"line":89,"column":39},"end":{"line":89,"column":54}},"line":89},"4":{"name":"(anonymous_4)","decl":{"start":{"line":101,"column":18},"end":{"line":101,"column":19}},"loc":{"start":{"line":102,"column":12},"end":{"line":111,"column":14}},"line":102},"5":{"name":"(anonymous_5)","decl":{"start":{"line":107,"column":28},"end":{"line":107,"column":29}},"loc":{"start":{"line":107,"column":39},"end":{"line":107,"column":54}},"line":107},"6":{"name":"(anonymous_6)","decl":{"start":{"line":119,"column":18},"end":{"line":119,"column":19}},"loc":{"start":{"line":120,"column":12},"end":{"line":130,"column":14}},"line":120},"7":{"name":"(anonymous_7)","decl":{"start":{"line":126,"column":28},"end":{"line":126,"column":29}},"loc":{"start":{"line":126,"column":39},"end":{"line":126,"column":54}},"line":126},"8":{"name":"(anonymous_8)","decl":{"start":{"line":138,"column":18},"end":{"line":138,"column":19}},"loc":{"start":{"line":139,"column":12},"end":{"line":149,"column":14}},"line":139},"9":{"name":"(anonymous_9)","decl":{"start":{"line":145,"column":28},"end":{"line":145,"column":29}},"loc":{"start":{"line":145,"column":39},"end":{"line":145,"column":54}},"line":145},"10":{"name":"(anonymous_10)","decl":{"start":{"line":167,"column":33},"end":{"line":167,"column":34}},"loc":{"start":{"line":167,"column":39},"end":{"line":167,"column":67}},"line":167}},"branchMap":{"0":{"loc":{"start":{"line":59,"column":4},"end":{"line":70,"column":12}},"type":"cond-expr","locations":[{"start":{"line":60,"column":6},"end":{"line":69,"column":13}},{"start":{"line":70,"column":8},"end":{"line":70,"column":12}}],"line":59},"1":{"loc":{"start":{"line":59,"column":4},"end":{"line":59,"column":37}},"type":"binary-expr","locations":[{"start":{"line":59,"column":4},"end":{"line":59,"column":15}},{"start":{"line":59,"column":19},"end":{"line":59,"column":37}}],"line":59},"2":{"loc":{"start":{"line":74,"column":16},"end":{"line":74,"column":60}},"type":"cond-expr","locations":[{"start":{"line":74,"column":40},"end":{"line":74,"column":49}},{"start":{"line":74,"column":52},"end":{"line":74,"column":60}}],"line":74},"3":{"loc":{"start":{"line":91,"column":27},"end":{"line":91,"column":52}},"type":"binary-expr","locations":[{"start":{"line":91,"column":27},"end":{"line":91,"column":33}},{"start":{"line":91,"column":37},"end":{"line":91,"column":52}}],"line":91},"4":{"loc":{"start":{"line":109,"column":27},"end":{"line":109,"column":49}},"type":"binary-expr","locations":[{"start":{"line":109,"column":27},"end":{"line":109,"column":33}},{"start":{"line":109,"column":37},"end":{"line":109,"column":49}}],"line":109},"5":{"loc":{"start":{"line":128,"column":27},"end":{"line":128,"column":52}},"type":"binary-expr","locations":[{"start":{"line":128,"column":27},"end":{"line":128,"column":33}},{"start":{"line":128,"column":37},"end":{"line":128,"column":52}}],"line":128},"6":{"loc":{"start":{"line":147,"column":27},"end":{"line":147,"column":59}},"type":"binary-expr","locations":[{"start":{"line":147,"column":27},"end":{"line":147,"column":33}},{"start":{"line":147,"column":37},"end":{"line":147,"column":59}}],"line":147}},"s":{"0":0,"1":0,"2":0,"3":0,"4":0,"5":0,"6":0,"7":0,"8":0,"9":0,"10":0,"11":0,"12":0,"13":0,"14":0,"15":0,"16":0,"17":0,"18":0,"19":0,"20":0,"21":0,"22":0,"23":0},"f":{"0":0,"1":0,"2":0,"3":0,"4":0,"5":0,"6":0,"7":0,"8":0,"9":0,"10":0},"b":{"0":[0,0],"1":[0,0],"2":[0,0],"3":[0,0],"4":[0,0],"5":[0,0],"6":[0,0]}}
,"C:\\Users\\rivol\\Desktop\\Sites\\Apps\\sharecoin-fe-firebase\\screens\\Auth\\initial-screen.tsx": {"path":"C:\\Users\\rivol\\Desktop\\Sites\\Apps\\sharecoin-fe-firebase\\screens\\Auth\\initial-screen.tsx","statementMap":{"0":{"start":{"line":14,"column":24},"end":{"line":14,"column":65}},"1":{"start":{"line":16,"column":29},"end":{"line":48,"column":1}},"2":{"start":{"line":17,"column":21},"end":{"line":17,"column":36}},"3":{"start":{"line":19,"column":2},"end":{"line":47,"column":4}},"4":{"start":{"line":30,"column":27},"end":{"line":30,"column":64}},"5":{"start":{"line":38,"column":27},"end":{"line":38,"column":55}},"6":{"start":{"line":50,"column":15},"end":{"line":71,"column":2}}},"fnMap":{"0":{"name":"(anonymous_0)","decl":{"start":{"line":16,"column":29},"end":{"line":16,"column":30}},"loc":{"start":{"line":16,"column":35},"end":{"line":48,"column":1}},"line":16},"1":{"name":"(anonymous_1)","decl":{"start":{"line":30,"column":21},"end":{"line":30,"column":22}},"loc":{"start":{"line":30,"column":27},"end":{"line":30,"column":64}},"line":30},"2":{"name":"(anonymous_2)","decl":{"start":{"line":38,"column":21},"end":{"line":38,"column":22}},"loc":{"start":{"line":38,"column":27},"end":{"line":38,"column":55}},"line":38}},"branchMap":{},"s":{"0":1,"1":1,"2":3,"3":3,"4":1,"5":1,"6":1},"f":{"0":3,"1":1,"2":1},"b":{},"_coverageSchema":"1a1c01bbd47fc00a2c39e90264f33305004495a9","hash":"9d1b2f52b0d8326b3ff163ec636c8b5a528101d3"}
,"C:\\Users\\rivol\\Desktop\\Sites\\Apps\\sharecoin-fe-firebase\\screens\\Auth\\login.tsx": {"path":"C:\\Users\\rivol\\Desktop\\Sites\\Apps\\sharecoin-fe-firebase\\screens\\Auth\\login.tsx","statementMap":{"0":{"start":{"line":32,"column":21},"end":{"line":147,"column":1}},"1":{"start":{"line":33,"column":21},"end":{"line":33,"column":36}},"2":{"start":{"line":35,"column":44},"end":{"line":46,"column":4}},"3":{"start":{"line":47,"column":38},"end":{"line":47,"column":59}},"4":{"start":{"line":48,"column":52},"end":{"line":50,"column":9}},"5":{"start":{"line":51,"column":19},"end":{"line":59,"column":3}},"6":{"start":{"line":52,"column":4},"end":{"line":58,"column":5}},"7":{"start":{"line":53,"column":34},"end":{"line":53,"column":38}},"8":{"start":{"line":54,"column":6},"end":{"line":54,"column":72}},"9":{"start":{"line":56,"column":6},"end":{"line":56,"column":26}},"10":{"start":{"line":57,"column":6},"end":{"line":57,"column":42}},"11":{"start":{"line":62,"column":4},"end":{"line":73,"column":12}},"12":{"start":{"line":75,"column":2},"end":{"line":146,"column":4}},"13":{"start":{"line":85,"column":12},"end":{"line":94,"column":14}},"14":{"start":{"line":90,"column":39},"end":{"line":90,"column":54}},"15":{"start":{"line":103,"column":12},"end":{"line":113,"column":14}},"16":{"start":{"line":109,"column":39},"end":{"line":109,"column":54}},"17":{"start":{"line":131,"column":39},"end":{"line":131,"column":76}},"18":{"start":{"line":149,"column":15},"end":{"line":171,"column":2}}},"fnMap":{"0":{"name":"(anonymous_0)","decl":{"start":{"line":32,"column":21},"end":{"line":32,"column":22}},"loc":{"start":{"line":32,"column":27},"end":{"line":147,"column":1}},"line":32},"1":{"name":"(anonymous_1)","decl":{"start":{"line":51,"column":19},"end":{"line":51,"column":20}},"loc":{"start":{"line":51,"column":50},"end":{"line":59,"column":3}},"line":51},"2":{"name":"(anonymous_2)","decl":{"start":{"line":84,"column":18},"end":{"line":84,"column":19}},"loc":{"start":{"line":85,"column":12},"end":{"line":94,"column":14}},"line":85},"3":{"name":"(anonymous_3)","decl":{"start":{"line":90,"column":28},"end":{"line":90,"column":29}},"loc":{"start":{"line":90,"column":39},"end":{"line":90,"column":54}},"line":90},"4":{"name":"(anonymous_4)","decl":{"start":{"line":102,"column":18},"end":{"line":102,"column":19}},"loc":{"start":{"line":103,"column":12},"end":{"line":113,"column":14}},"line":103},"5":{"name":"(anonymous_5)","decl":{"start":{"line":109,"column":28},"end":{"line":109,"column":29}},"loc":{"start":{"line":109,"column":39},"end":{"line":109,"column":54}},"line":109},"6":{"name":"(anonymous_6)","decl":{"start":{"line":131,"column":33},"end":{"line":131,"column":34}},"loc":{"start":{"line":131,"column":39},"end":{"line":131,"column":76}},"line":131}},"branchMap":{"0":{"loc":{"start":{"line":62,"column":4},"end":{"line":73,"column":12}},"type":"cond-expr","locations":[{"start":{"line":63,"column":6},"end":{"line":72,"column":13}},{"start":{"line":73,"column":8},"end":{"line":73,"column":12}}],"line":62},"1":{"loc":{"start":{"line":62,"column":4},"end":{"line":62,"column":35}},"type":"binary-expr","locations":[{"start":{"line":62,"column":4},"end":{"line":62,"column":14}},{"start":{"line":62,"column":18},"end":{"line":62,"column":35}}],"line":62},"2":{"loc":{"start":{"line":77,"column":16},"end":{"line":77,"column":60}},"type":"cond-expr","locations":[{"start":{"line":77,"column":40},"end":{"line":77,"column":49}},{"start":{"line":77,"column":52},"end":{"line":77,"column":60}}],"line":77},"3":{"loc":{"start":{"line":92,"column":27},"end":{"line":92,"column":49}},"type":"binary-expr","locations":[{"start":{"line":92,"column":27},"end":{"line":92,"column":33}},{"start":{"line":92,"column":37},"end":{"line":92,"column":49}}],"line":92},"4":{"loc":{"start":{"line":111,"column":27},"end":{"line":111,"column":52}},"type":"binary-expr","locations":[{"start":{"line":111,"column":27},"end":{"line":111,"column":33}},{"start":{"line":111,"column":37},"end":{"line":111,"column":52}}],"line":111}},"s":{"0":0,"1":0,"2":0,"3":0,"4":0,"5":0,"6":0,"7":0,"8":0,"9":0,"10":0,"11":0,"12":0,"13":0,"14":0,"15":0,"16":0,"17":0,"18":0},"f":{"0":0,"1":0,"2":0,"3":0,"4":0,"5":0,"6":0},"b":{"0":[0,0],"1":[0,0],"2":[0,0],"3":[0,0],"4":[0,0]}}
}
