TN:
SF:screens\Auth\login.tsx
FN:30,(anonymous_0)
FN:41,(anonymous_1)
FN:74,(anonymous_2)
FN:80,(anonymous_3)
FN:92,(anonymous_4)
FN:99,(anonymous_5)
FN:121,(anonymous_6)
FNF:7
FNH:0
FNDA:0,(anonymous_0)
FNDA:0,(anonymous_1)
FNDA:0,(anonymous_2)
FNDA:0,(anonymous_3)
FNDA:0,(anonymous_4)
FNDA:0,(anonymous_5)
FNDA:0,(anonymous_6)
DA:30,0
DA:31,0
DA:33,0
DA:37,0
DA:38,0
DA:41,0
DA:42,0
DA:43,0
DA:44,0
DA:46,0
DA:47,0
DA:52,0
DA:65,0
DA:75,0
DA:80,0
DA:93,0
DA:99,0
DA:121,0
DA:139,0
LF:19
LH:0
BRDA:52,0,0,0
BRDA:52,0,1,0
BRDA:52,1,0,0
BRDA:52,1,1,0
BRDA:67,2,0,0
BRDA:67,2,1,0
BRDA:82,3,0,0
BRDA:82,3,1,0
BRDA:101,4,0,0
BRDA:101,4,1,0
BRF:10
BRH:0
end_of_record
TN:
SF:screens\CreateGroup\index.tsx
FN:20,(anonymous_0)
FN:32,(anonymous_1)
FNF:2
FNH:0
FNDA:0,(anonymous_0)
FNDA:0,(anonymous_1)
DA:20,0
DA:21,0
DA:22,0
DA:24,0
DA:28,0
DA:29,0
DA:32,0
DA:33,0
DA:34,0
DA:35,0
DA:37,0
DA:38,0
DA:43,0
DA:55,0
DA:58,0
LF:15
LH:0
BRDA:43,0,0,0
BRDA:43,0,1,0
BRDA:43,1,0,0
BRDA:43,1,1,0
BRF:4
BRH:0
end_of_record
